Arguments: 
  /usr/local/bin/node /usr/local/bin/yarn global dir --json

PATH: 
  /Library/Frameworks/Python.framework/Versions/3.7/bin:/usr/local/bin:/usr/bin:/bin:/usr/sbin:/sbin:/usr/local/share/dotnet:~/.dotnet/tools

Yarn version: 
  1.15.2

Node version: 
  10.15.3

Platform: 
  darwin x64

Trace: 
  SyntaxError: /Users/romanbruns/Documents/projects/sine-waves/package.json: Unexpected token } in JSON at position 851
      at JSON.parse (<anonymous>)
      at /usr/local/lib/node_modules/yarn/lib/cli.js:1625:59
      at Generator.next (<anonymous>)
      at step (/usr/local/lib/node_modules/yarn/lib/cli.js:304:30)
      at /usr/local/lib/node_modules/yarn/lib/cli.js:315:13

npm manifest: 
  {
    "name": "sine-waves",
    "version": "1.0.0",
    "main": "index.js",
    "scripts": {
      "dev": "webpack --config webpack.config.js",
      "start": "webpack --config webpack.config.js"
    },
    "repository": {
      "type": "git",
      "url": "git+https://github.com/slotovi4/sine-waves.git"
    },
    "author": "",
    "license": "ISC",
    "bugs": {
      "url": "https://github.com/slotovi4/sine-waves/issues"
    },
    "homepage": "https://github.com/slotovi4/sine-waves#readme",
    "description": "",
    "dependencies": {
      "dat.gui": "^0.7.6"
    },
    "devDependencies": {
      "babel-core": "^6.26.3",
      "babel-loader": "^7.1.4",
      "babel-preset-env": "^1.7.0",
      "browser-sync": "^2.24.4",
      "browser-sync-webpack-plugin": "^2.2.2",
      "html-webpack-plugin": "^3.2.0",
      "prettier": "^1.17.0",
      "webpack": "^4.31.0",
      "webpack-cli": "^3.3.2"
    },
  }

yarn manifest: 
  No manifest

Lockfile: 
  # THIS IS AN AUTOGENERATED FILE. DO NOT EDIT THIS FILE DIRECTLY.
  # yarn lockfile v1
  
  
  dat.gui@^0.7.6:
    version "0.7.6"
    resolved "https://registry.yarnpkg.com/dat.gui/-/dat.gui-0.7.6.tgz#92182a0f2dc96c26910f888238d3839166d82f76"
    integrity sha512-9Uqr4aQUvp9q5P2b4y6gK604HXafubOq578OmOS8mjrIkYrBP4EbQ9gz9YRXgyPh7aQi+b9H/jAG7EucmhYpSA==
